<?xml version="1.0" encoding="UTF-8"?>
<!-- Generated by org.testng.reporters.JUnitXMLReporter -->
<testsuite ignored="0" hostname="DESKTOP-6LFL1D9" failures="0" tests="8" name="PetStoreAutomationTestDDDTestcases" time="30.239" errors="0" timestamp="2024-03-18T14:26:58 IST">
  <testcase classname="api.tests.DataDrivenTests" name="testCreateUser" time="5.202"/>
  <testcase classname="api.tests.DataDrivenTests" name="testCreateUser" time="4.377"/>
  <testcase classname="api.tests.DataDrivenTests" name="testCreateUser" time="4.141"/>
  <testcase classname="api.tests.DataDrivenTests" name="testCreateUser" time="5.669"/>
  <testcase classname="api.tests.DataDrivenTests" name="deleteUser" time="2.082"/>
  <testcase classname="api.tests.DataDrivenTests" name="deleteUser" time="2.179"/>
  <testcase classname="api.tests.DataDrivenTests" name="deleteUser" time="1.777"/>
  <testcase classname="api.tests.DataDrivenTests" name="deleteUser" time="2.409"/>
</testsuite> <!-- PetStoreAutomationTestDDDTestcases -->
