<?xml version="1.0" encoding="UTF-8"?>
<!-- Generated by org.testng.reporters.JUnitXMLReporter -->
<testsuite ignored="0" hostname="DESKTOP-6LFL1D9" failures="0" tests="12" name="PetStoreAutomationTestCombined" time="47.842" errors="0" timestamp="2024-03-18T14:18:43 IST">
  <testcase classname="api.tests.UserTests" name="testCreateUser" time="6.051"/>
  <testcase classname="api.tests.UserTests" name="testGetUser" time="2.894"/>
  <testcase classname="api.tests.UserTests" name="testUpdateUser" time="4.472"/>
  <testcase classname="api.tests.UserTests" name="testDeleteUser" time="2.383"/>
  <testcase classname="api.tests.DataDrivenTests" name="testCreateUser" time="4.671"/>
  <testcase classname="api.tests.DataDrivenTests" name="testCreateUser" time="5.42"/>
  <testcase classname="api.tests.DataDrivenTests" name="testCreateUser" time="3.701"/>
  <testcase classname="api.tests.DataDrivenTests" name="testCreateUser" time="4.3"/>
  <testcase classname="api.tests.DataDrivenTests" name="deleteUser" time="2.632"/>
  <testcase classname="api.tests.DataDrivenTests" name="deleteUser" time="1.92"/>
  <testcase classname="api.tests.DataDrivenTests" name="deleteUser" time="2.241"/>
  <testcase classname="api.tests.DataDrivenTests" name="deleteUser" time="2.602"/>
</testsuite> <!-- PetStoreAutomationTestCombined -->
