<?xml version="1.0" encoding="UTF-8"?>
<!-- Generated by org.testng.reporters.JUnitXMLReporter -->
<testsuite ignored="0" hostname="DESKTOP-6LFL1D9" failures="0" tests="4" name="PetStoreAutomationTestAllRequest" time="18.427" errors="0" timestamp="2024-03-18T14:26:28 IST">
  <testcase classname="api.tests.UserTests" name="testCreateUser" time="7.841"/>
  <testcase classname="api.tests.UserTests" name="testGetUser" time="2.395"/>
  <testcase classname="api.tests.UserTests" name="testUpdateUser" time="3.924"/>
  <testcase classname="api.tests.UserTests" name="testDeleteUser" time="2.347"/>
</testsuite> <!-- PetStoreAutomationTestAllRequest -->
