<?xml version="1.0" encoding="UTF-8"?>
<!-- Generated by org.testng.reporters.JUnitXMLReporter -->
<testsuite ignored="0" hostname="DESKTOP-6LFL1D9" failures="0" tests="4" name="Default test" time="19.252" errors="0" timestamp="2024-03-18T13:08:38 IST">
  <testcase classname="api.tests.UserTests" name="testCreateUser" time="7.13"/>
  <testcase classname="api.tests.UserTests" name="testGetUser" time="2.836"/>
  <testcase classname="api.tests.UserTests" name="testUpdateUser" time="4.983"/>
  <testcase classname="api.tests.UserTests" name="testDeleteUser" time="2.91"/>
</testsuite> <!-- Default test -->
